<?xml version="1.0" encoding="UTF-8"?>
<!-- Generated by org.testng.reporters.JUnitReportReporter -->
<testsuite hostname="Shuvashish" name="HomePageTest" tests="7" failures="0" timestamp="25 Feb 2018 20:15:00 GMT" time="50.663" errors="0">
  <testcase name="testHomePage" time="5.940" classname="HomePageTest"/>
  <testcase name="testHomePage" time="8.348" classname="HomePageTest"/>
  <testcase name="testHomePage" time="8.253" classname="HomePageTest"/>
  <testcase name="testNavNames" time="7.999" classname="HomePageTest"/>
  <testcase name="testHomePage" time="8.515" classname="HomePageTest"/>
  <testcase name="testHomePage" time="5.770" classname="HomePageTest"/>
  <testcase name="testHomePage" time="5.838" classname="HomePageTest"/>
</testsuite> <!-- HomePageTest -->
